0 info it worked if it ends with ok
1 verbose cli [ '/usr/local/bin/node', '/usr/local/bin/npm', 'run', 'dev' ]
2 info using npm@3.9.3
3 info using node@v6.2.1
4 verbose run-script [ 'predev', 'dev', 'postdev' ]
5 info lifecycle answers@1.0.0~predev: answers@1.0.0
6 silly lifecycle answers@1.0.0~predev: no script for predev, continuing
7 info lifecycle answers@1.0.0~dev: answers@1.0.0
8 verbose lifecycle answers@1.0.0~dev: unsafe-perm in lifecycle true
9 verbose lifecycle answers@1.0.0~dev: PATH: /usr/local/lib/node_modules/npm/bin/node-gyp-bin:/Users/aginsberg/repo/answers/node_modules/.bin:/usr/local/bin:/Users/aginsberg/.avn/bin:/Users/aginsberg/.rvm/gems/ruby-2.1.5/bin:/Users/aginsberg/.rvm/gems/ruby-2.1.5@global/bin:/Users/aginsberg/.rvm/rubies/ruby-2.1.5/bin:/Users/aginsberg/alpha/gocode/bin:/usr/local/bin:/usr/local/bin:/usr/bin:/bin:/usr/sbin:/sbin:/opt/X11/bin:/usr/local/sbin:/Users/aginsberg/alpha/bazel-bin/gocode/src/yext/pages/sites/scripts/pager/:/usr/local/opt/go/libexec/bin:/Users/aginsberg/.rvm/bin:/Users/aginsberg/repo/pages-builder/bin
10 verbose lifecycle answers@1.0.0~dev: CWD: /Users/aginsberg/repo/answers
11 silly lifecycle answers@1.0.0~dev: Args: [ '-c', 'gulp dev' ]
12 silly lifecycle answers@1.0.0~dev: Returned: code: 1  signal: null
13 info lifecycle answers@1.0.0~dev: Failed to exec dev script
14 verbose stack Error: answers@1.0.0 dev: `gulp dev`
14 verbose stack Exit status 1
14 verbose stack     at EventEmitter.<anonymous> (/usr/local/lib/node_modules/npm/lib/utils/lifecycle.js:245:16)
14 verbose stack     at emitTwo (events.js:106:13)
14 verbose stack     at EventEmitter.emit (events.js:191:7)
14 verbose stack     at ChildProcess.<anonymous> (/usr/local/lib/node_modules/npm/lib/utils/spawn.js:24:14)
14 verbose stack     at emitTwo (events.js:106:13)
14 verbose stack     at ChildProcess.emit (events.js:191:7)
14 verbose stack     at maybeClose (internal/child_process.js:852:16)
14 verbose stack     at Process.ChildProcess._handle.onexit (internal/child_process.js:215:5)
15 verbose pkgid answers@1.0.0
16 verbose cwd /Users/aginsberg/repo/answers
17 error Darwin 18.7.0
18 error argv "/usr/local/bin/node" "/usr/local/bin/npm" "run" "dev"
19 error node v6.2.1
20 error npm  v3.9.3
21 error code ELIFECYCLE
22 error answers@1.0.0 dev: `gulp dev`
22 error Exit status 1
23 error Failed at the answers@1.0.0 dev script 'gulp dev'.
23 error Make sure you have the latest version of node.js and npm installed.
23 error If you do, this is most likely a problem with the answers package,
23 error not with npm itself.
23 error Tell the author that this fails on your system:
23 error     gulp dev
23 error You can get information on how to open an issue for this project with:
23 error     npm bugs answers
23 error Or if that isn't available, you can get their info via:
23 error     npm owner ls answers
23 error There is likely additional logging output above.
24 verbose exit [ 1, true ]
